<?xml version="1.0" encoding="UTF-8"?>
<!-- Generated by org.testng.reporters.JUnitReportReporter -->
<testsuite skipped="0" hostname="QEDGE12-PC" name="p1.Class_1" tests="1" failures="0" timestamp="21 Jan 2017 09:28:43 GMT" time="0.021" errors="0">
  <testcase name="method_1" time="0.021" classname="p1.Class_1"/>
</testsuite> <!-- p1.Class_1 -->
