<?xml version="1.0" encoding="UTF-8"?>
<!-- Generated by org.testng.reporters.JUnitReportReporter -->
<testsuite skipped="0" hostname="QEDGE12-PC" name="p1.Accounts" tests="3" failures="0" timestamp="21 Jan 2017 10:22:02 GMT" time="0.081" errors="0">
  <testcase name="LoanssPage" time="0.051" classname="p1.Accounts"/>
  <testcase name="AccountsPage" time="0.011" classname="p1.Accounts"/>
  <testcase name="Login" time="0.019" classname="p1.Accounts"/>
</testsuite> <!-- p1.Accounts -->
