<?xml version="1.0" encoding="UTF-8"?>
<!-- Generated by org.testng.reporters.JUnitReportReporter -->
<testsuite skipped="0" hostname="QEDGE12-PC" name="p1.Parameterization" tests="2" failures="0" timestamp="21 Jan 2017 11:27:20 GMT" time="0.029" errors="0">
  <testcase name="EnterCreds" time="0.016" classname="p1.Parameterization"/>
  <testcase name="EnterCreds" time="0.013" classname="p1.Parameterization"/>
</testsuite> <!-- p1.Parameterization -->
